<?xml version="1.0" encoding="UTF-8"?>
<testsuite name="com.sairuchithaht.pomodorotimer.PomodorotimerApplicationTests" tests="1" skipped="0" failures="0" errors="0" timestamp="2024-10-09T01:07:12" hostname="Sais-MacBook-Air.local" time="0.374">
  <properties/>
  <testcase name="contextLoads()" classname="com.sairuchithaht.pomodorotimer.PomodorotimerApplicationTests" time="0.374"/>
  <system-out><![CDATA[21:07:10.269 [Test worker] INFO org.springframework.test.context.support.AnnotationConfigContextLoaderUtils -- Could not detect default configuration classes for test class [com.sairuchithaht.pomodorotimer.PomodorotimerApplicationTests]: PomodorotimerApplicationTests does not declare any static, non-private, non-final, nested classes annotated with @Configuration.
21:07:10.334 [Test worker] INFO org.springframework.boot.test.context.SpringBootTestContextBootstrapper -- Found @SpringBootConfiguration com.sairuchithaht.pomodorotimer.PomodorotimerApplication for test class com.sairuchithaht.pomodorotimer.PomodorotimerApplicationTests

  .   ____          _            __ _ _
 /\\ / ___'_ __ _ _(_)_ __  __ _ \ \ \ \
( ( )\___ | '_ | '_| | '_ \/ _` | \ \ \ \
 \\/  ___)| |_)| | | | | || (_| |  ) ) ) )
  '  |____| .__|_| |_|_| |_\__, | / / / /
 =========|_|==============|___/=/_/_/_/
 :: Spring Boot ::               (v3.2.10)

2024-10-08T21:07:10.568-04:00  INFO 75563 --- [pomodorotimer] [    Test worker] c.s.p.PomodorotimerApplicationTests      : Starting PomodorotimerApplicationTests using Java 17.0.12 with PID 75563 (started by sairuchithahardagerithammareddy in /Users/sairuchithahardagerithammareddy/Documents-Sai’s MacBook Air/Pomodoro-Timer-Backend/Pomodoro-Timer-Backend/Pomodoro-Timer-Backend)
2024-10-08T21:07:10.569-04:00  INFO 75563 --- [pomodorotimer] [    Test worker] c.s.p.PomodorotimerApplicationTests      : No active profile set, falling back to 1 default profile: "default"
2024-10-08T21:07:10.961-04:00  INFO 75563 --- [pomodorotimer] [    Test worker] .s.d.r.c.RepositoryConfigurationDelegate : Bootstrapping Spring Data JPA repositories in DEFAULT mode.
2024-10-08T21:07:11.001-04:00  INFO 75563 --- [pomodorotimer] [    Test worker] .s.d.r.c.RepositoryConfigurationDelegate : Finished Spring Data repository scanning in 34 ms. Found 2 JPA repository interfaces.
2024-10-08T21:07:11.286-04:00  INFO 75563 --- [pomodorotimer] [    Test worker] o.hibernate.jpa.internal.util.LogHelper  : HHH000204: Processing PersistenceUnitInfo [name: default]
2024-10-08T21:07:11.321-04:00  INFO 75563 --- [pomodorotimer] [    Test worker] org.hibernate.Version                    : HHH000412: Hibernate ORM core version 6.4.10.Final
2024-10-08T21:07:11.343-04:00  INFO 75563 --- [pomodorotimer] [    Test worker] o.h.c.internal.RegionFactoryInitiator    : HHH000026: Second-level cache disabled
2024-10-08T21:07:11.489-04:00  INFO 75563 --- [pomodorotimer] [    Test worker] o.s.o.j.p.SpringPersistenceUnitInfo      : No LoadTimeWeaver setup: ignoring JPA class transformer
2024-10-08T21:07:11.506-04:00  INFO 75563 --- [pomodorotimer] [    Test worker] com.zaxxer.hikari.HikariDataSource       : HikariPool-1 - Starting...
2024-10-08T21:07:11.691-04:00  INFO 75563 --- [pomodorotimer] [    Test worker] com.zaxxer.hikari.pool.HikariPool        : HikariPool-1 - Added connection com.mysql.cj.jdbc.ConnectionImpl@6e321d9d
2024-10-08T21:07:11.693-04:00  INFO 75563 --- [pomodorotimer] [    Test worker] com.zaxxer.hikari.HikariDataSource       : HikariPool-1 - Start completed.
2024-10-08T21:07:11.743-04:00  WARN 75563 --- [pomodorotimer] [    Test worker] org.hibernate.orm.deprecation            : HHH90000025: MySQL8Dialect does not need to be specified explicitly using 'hibernate.dialect' (remove the property setting and it will be selected by default)
2024-10-08T21:07:11.744-04:00  WARN 75563 --- [pomodorotimer] [    Test worker] org.hibernate.orm.deprecation            : HHH90000026: MySQL8Dialect has been deprecated; use org.hibernate.dialect.MySQLDialect instead
2024-10-08T21:07:12.279-04:00  INFO 75563 --- [pomodorotimer] [    Test worker] o.h.e.t.j.p.i.JtaPlatformInitiator       : HHH000489: No JTA platform available (set 'hibernate.transaction.jta.platform' to enable JTA platform integration)
2024-10-08T21:07:12.334-04:00  INFO 75563 --- [pomodorotimer] [    Test worker] j.LocalContainerEntityManagerFactoryBean : Initialized JPA EntityManagerFactory for persistence unit 'default'
2024-10-08T21:07:12.606-04:00  WARN 75563 --- [pomodorotimer] [    Test worker] JpaBaseConfiguration$JpaWebConfiguration : spring.jpa.open-in-view is enabled by default. Therefore, database queries may be performed during view rendering. Explicitly configure spring.jpa.open-in-view to disable this warning
2024-10-08T21:07:12.653-04:00  WARN 75563 --- [pomodorotimer] [    Test worker] s.w.s.m.m.a.RequestMappingHandlerMapping : Multiple @RequestMapping annotations found on public org.springframework.http.ResponseEntity com.sairuchithaht.pomodorotimer.controller.PomodoroSessionController.getAllSessions(), but only the first will be used: [@org.springframework.web.bind.annotation.RequestMapping(consumes={}, headers={}, method={}, name="", params={}, path={"/getAllSessions"}, produces={}, value={"/getAllSessions"}), @org.springframework.web.bind.annotation.GetMapping(consumes={}, headers={}, name="", params={}, path={}, produces={}, value={})]
2024-10-08T21:07:12.658-04:00  WARN 75563 --- [pomodorotimer] [    Test worker] s.w.s.m.m.a.RequestMappingHandlerMapping : Multiple @RequestMapping annotations found on public org.springframework.http.ResponseEntity com.sairuchithaht.pomodorotimer.controller.PomodoroSessionController.createSession(com.sairuchithaht.pomodorotimer.model.PomodoroSession), but only the first will be used: [@org.springframework.web.bind.annotation.RequestMapping(consumes={}, headers={}, method={}, name="", params={}, path={"/createSession"}, produces={}, value={"/createSession"}), @org.springframework.web.bind.annotation.PostMapping(consumes={}, headers={}, name="", params={}, path={}, produces={}, value={})]
2024-10-08T21:07:12.658-04:00  WARN 75563 --- [pomodorotimer] [    Test worker] s.w.s.m.m.a.RequestMappingHandlerMapping : Multiple @RequestMapping annotations found on public org.springframework.http.ResponseEntity com.sairuchithaht.pomodorotimer.controller.PomodoroSessionController.getActivitySummary(), but only the first will be used: [@org.springframework.web.bind.annotation.RequestMapping(consumes={}, headers={}, method={}, name="", params={}, path={"/getActivitySummary"}, produces={}, value={"/getActivitySummary"}), @org.springframework.web.bind.annotation.GetMapping(consumes={}, headers={}, name="", params={}, path={}, produces={}, value={})]
2024-10-08T21:07:12.868-04:00  INFO 75563 --- [pomodorotimer] [    Test worker] c.s.p.PomodorotimerApplicationTests      : Started PomodorotimerApplicationTests in 2.443 seconds (process running for 3.218)
]]></system-out>
  <system-err><![CDATA[]]></system-err>
</testsuite>
